<?xml version="1.0" encoding="UTF-8"?>
<testng-results ignored="0" total="1" passed="1" failed="0" skipped="0">
  <reporter-output>
  </reporter-output>
  <suite started-at="2021-01-30T23:54:57 BDT" name="Suite" finished-at="2021-01-30T23:55:16 BDT" duration-ms="19059">
    <groups>
    </groups>
    <test started-at="2021-01-30T23:54:57 BDT" name="Test" finished-at="2021-01-30T23:55:16 BDT" duration-ms="19059">
      <class name="com.openCart.testcase.TC_Login_001">
        <test-method is-config="true" signature="setup(java.lang.String)[pri:0, instance:com.openCart.testcase.TC_Login_001@72cde7cc]" started-at="2021-01-30T23:54:57 BDT" name="setup" finished-at="2021-01-30T23:55:03 BDT" duration-ms="5985" status="PASS">
          <params>
            <param index="0">
              <value>
                <![CDATA[chrome]]>
              </value>
            </param>
          </params>
          <reporter-output>
          </reporter-output>
        </test-method> <!-- setup -->
        <test-method signature="loginTest()[pri:0, instance:com.openCart.testcase.TC_Login_001@72cde7cc]" started-at="2021-01-30T23:55:03 BDT" name="loginTest" finished-at="2021-01-30T23:55:13 BDT" duration-ms="9304" status="PASS">
          <reporter-output>
          </reporter-output>
        </test-method> <!-- loginTest -->
        <test-method is-config="true" signature="teardown()[pri:0, instance:com.openCart.testcase.TC_Login_001@72cde7cc]" started-at="2021-01-30T23:55:13 BDT" name="teardown" finished-at="2021-01-30T23:55:16 BDT" duration-ms="3613" status="PASS">
          <reporter-output>
          </reporter-output>
        </test-method> <!-- teardown -->
      </class> <!-- com.openCart.testcase.TC_Login_001 -->
    </test> <!-- Test -->
  </suite> <!-- Suite -->
</testng-results>
